Test: [0/112]	Time 4.044 (4.044)	Loss 0.7657 (0.7657)	Prec@1 78.795 (78.795)	Prec@5 95.089 (95.089)
Test: [100/112]	Time 0.171 (0.269)	Loss 1.6527 (1.2653)	Prec@1 61.830 (69.221)	Prec@5 83.036 (89.182)
 Final Prec@1 69.337 Prec@5 89.362
Test: [0/112]	Time 4.241 (4.241)	Loss 0.8492 (0.8492)	Prec@1 77.679 (77.679)	Prec@5 94.420 (94.420)
Test: [100/112]	Time 0.186 (0.274)	Loss 1.5550 (1.2245)	Prec@1 64.286 (70.023)	Prec@5 84.152 (89.657)
 Final Prec@1 69.965 Prec@5 89.694
Test: [0/112]	Time 4.298 (4.298)	Loss 0.8107 (0.8107)	Prec@1 79.911 (79.911)	Prec@5 95.536 (95.536)
Test: [100/112]	Time 0.198 (0.280)	Loss 1.3851 (1.2215)	Prec@1 65.402 (69.950)	Prec@5 86.607 (89.670)
 Final Prec@1 69.863 Prec@5 89.704
Test: [0/112]	Time 4.497 (4.497)	Loss 0.8353 (0.8353)	Prec@1 79.018 (79.018)	Prec@5 95.089 (95.089)
Test: [100/112]	Time 0.176 (0.279)	Loss 1.4823 (1.2160)	Prec@1 64.509 (70.438)	Prec@5 85.491 (89.843)
 Final Prec@1 70.399 Prec@5 89.914
Test: [0/112]	Time 4.615 (4.615)	Loss 0.8904 (0.8904)	Prec@1 77.232 (77.232)	Prec@5 93.527 (93.527)
Test: [100/112]	Time 0.218 (0.275)	Loss 1.5321 (1.1986)	Prec@1 62.723 (70.500)	Prec@5 85.938 (89.986)
 Final Prec@1 70.475 Prec@5 89.994
Test: [0/112]	Time 4.032 (4.032)	Loss 0.8226 (0.8226)	Prec@1 77.679 (77.679)	Prec@5 94.866 (94.866)
Test: [100/112]	Time 0.181 (0.280)	Loss 1.4519 (1.2105)	Prec@1 64.509 (70.549)	Prec@5 85.045 (89.918)
 Final Prec@1 70.511 Prec@5 89.998
Test: [0/112]	Time 4.077 (4.077)	Loss 0.8353 (0.8353)	Prec@1 78.348 (78.348)	Prec@5 94.643 (94.643)
Test: [100/112]	Time 0.383 (0.272)	Loss 1.3899 (1.1996)	Prec@1 67.411 (70.894)	Prec@5 86.384 (90.176)
 Final Prec@1 70.791 Prec@5 90.220
Test: [0/112]	Time 4.594 (4.594)	Loss 0.7569 (0.7569)	Prec@1 81.027 (81.027)	Prec@5 95.759 (95.759)
Test: [100/112]	Time 0.188 (0.260)	Loss 1.4481 (1.2029)	Prec@1 65.848 (70.688)	Prec@5 85.714 (90.192)
 Final Prec@1 70.683 Prec@5 90.294
Test: [0/112]	Time 4.454 (4.454)	Loss 0.8337 (0.8337)	Prec@1 78.125 (78.125)	Prec@5 93.973 (93.973)
Test: [100/112]	Time 0.183 (0.279)	Loss 1.4962 (1.2014)	Prec@1 65.625 (70.938)	Prec@5 85.268 (90.269)
 Final Prec@1 70.911 Prec@5 90.316
Test: [0/112]	Time 4.784 (4.784)	Loss 0.8278 (0.8278)	Prec@1 79.911 (79.911)	Prec@5 94.420 (94.420)
Test: [100/112]	Time 0.185 (0.277)	Loss 1.4650 (1.1809)	Prec@1 65.179 (71.471)	Prec@5 86.830 (90.263)
 Final Prec@1 71.351 Prec@5 90.364
Test: [0/112]	Time 4.828 (4.828)	Loss 0.8018 (0.8018)	Prec@1 81.027 (81.027)	Prec@5 94.643 (94.643)
Test: [100/112]	Time 0.288 (0.292)	Loss 1.4082 (1.1922)	Prec@1 67.188 (71.654)	Prec@5 86.830 (90.338)
 Final Prec@1 71.617 Prec@5 90.418
Test: [0/112]	Time 4.385 (4.385)	Loss 0.7709 (0.7709)	Prec@1 79.464 (79.464)	Prec@5 95.536 (95.536)
Test: [100/112]	Time 0.177 (0.286)	Loss 1.6552 (1.1787)	Prec@1 63.170 (71.477)	Prec@5 83.259 (90.431)
 Final Prec@1 71.489 Prec@5 90.510
Test: [0/112]	Time 4.823 (4.823)	Loss 0.8837 (0.8837)	Prec@1 77.232 (77.232)	Prec@5 93.750 (93.750)
Test: [100/112]	Time 0.240 (0.279)	Loss 1.6658 (1.1997)	Prec@1 63.393 (71.555)	Prec@5 83.929 (90.519)
 Final Prec@1 71.515 Prec@5 90.598
Test: [0/112]	Time 3.967 (3.967)	Loss 0.7971 (0.7971)	Prec@1 81.250 (81.250)	Prec@5 95.536 (95.536)
Test: [100/112]	Time 0.209 (0.275)	Loss 1.4938 (1.1829)	Prec@1 64.509 (71.731)	Prec@5 85.491 (90.572)
 Final Prec@1 71.777 Prec@5 90.618
Test: [0/112]	Time 4.307 (4.307)	Loss 0.8239 (0.8239)	Prec@1 79.241 (79.241)	Prec@5 94.196 (94.196)
Test: [100/112]	Time 0.515 (0.281)	Loss 1.6768 (1.1963)	Prec@1 64.955 (72.041)	Prec@5 84.821 (90.736)
 Final Prec@1 71.963 Prec@5 90.750
Test: [0/112]	Time 4.441 (4.441)	Loss 0.8289 (0.8289)	Prec@1 79.911 (79.911)	Prec@5 94.866 (94.866)
Test: [100/112]	Time 0.174 (0.278)	Loss 1.6462 (1.1849)	Prec@1 64.509 (71.944)	Prec@5 85.268 (90.884)
 Final Prec@1 71.949 Prec@5 90.972
Test: [0/112]	Time 4.845 (4.845)	Loss 0.7879 (0.7879)	Prec@1 81.920 (81.920)	Prec@5 95.312 (95.313)
Test: [100/112]	Time 0.174 (0.293)	Loss 1.5671 (1.1915)	Prec@1 66.741 (72.302)	Prec@5 85.045 (90.771)
 Final Prec@1 72.295 Prec@5 90.820
Test: [0/112]	Time 4.512 (4.512)	Loss 0.7912 (0.7912)	Prec@1 83.259 (83.259)	Prec@5 94.420 (94.420)
Test: [100/112]	Time 0.179 (0.281)	Loss 1.5464 (1.2265)	Prec@1 66.071 (72.118)	Prec@5 85.491 (90.601)
 Final Prec@1 72.179 Prec@5 90.696
Test: [0/112]	Time 4.132 (4.132)	Loss 0.8014 (0.8014)	Prec@1 81.473 (81.473)	Prec@5 95.312 (95.313)
Test: [100/112]	Time 0.624 (0.300)	Loss 1.5584 (1.1859)	Prec@1 64.509 (72.631)	Prec@5 85.268 (90.965)
 Final Prec@1 72.607 Prec@5 91.006
Test: [0/112]	Time 5.075 (5.075)	Loss 0.7867 (0.7867)	Prec@1 80.580 (80.580)	Prec@5 94.866 (94.866)
Test: [100/112]	Time 0.507 (0.285)	Loss 1.7269 (1.2123)	Prec@1 61.830 (72.593)	Prec@5 85.491 (90.760)
 Final Prec@1 72.543 Prec@5 90.852
Test: [0/112]	Time 4.792 (4.792)	Loss 0.8492 (0.8492)	Prec@1 78.348 (78.348)	Prec@5 95.759 (95.759)
Test: [100/112]	Time 0.202 (0.272)	Loss 1.5654 (1.2244)	Prec@1 65.848 (72.841)	Prec@5 86.384 (91.049)
 Final Prec@1 72.815 Prec@5 91.134
Test: [0/112]	Time 4.568 (4.568)	Loss 0.8190 (0.8190)	Prec@1 80.134 (80.134)	Prec@5 95.759 (95.759)
Test: [100/112]	Time 0.176 (0.271)	Loss 1.4867 (1.2070)	Prec@1 65.179 (72.772)	Prec@5 87.723 (91.082)
 Final Prec@1 72.715 Prec@5 91.128
Test: [0/112]	Time 4.436 (4.436)	Loss 0.8521 (0.8521)	Prec@1 80.357 (80.357)	Prec@5 95.089 (95.089)
Test: [100/112]	Time 0.541 (0.293)	Loss 1.5540 (1.2079)	Prec@1 66.518 (73.270)	Prec@5 87.946 (91.292)
 Final Prec@1 73.233 Prec@5 91.352
Test: [0/112]	Time 4.431 (4.431)	Loss 0.8133 (0.8133)	Prec@1 81.027 (81.027)	Prec@5 95.759 (95.759)
Test: [100/112]	Time 0.205 (0.288)	Loss 1.6179 (1.2240)	Prec@1 64.955 (73.267)	Prec@5 86.384 (91.295)
 Final Prec@1 73.213 Prec@5 91.354
Test: [0/112]	Time 4.601 (4.601)	Loss 0.8292 (0.8292)	Prec@1 80.804 (80.804)	Prec@5 96.205 (96.205)
Test: [100/112]	Time 0.178 (0.291)	Loss 1.6501 (1.2355)	Prec@1 64.955 (73.389)	Prec@5 85.714 (91.379)
 Final Prec@1 73.297 Prec@5 91.412
Test: [0/112]	Time 4.390 (4.390)	Loss 0.8043 (0.8043)	Prec@1 82.812 (82.812)	Prec@5 95.982 (95.982)
Test: [100/112]	Time 0.292 (0.286)	Loss 1.5788 (1.2640)	Prec@1 68.527 (73.298)	Prec@5 86.830 (91.220)
 Final Prec@1 73.281 Prec@5 91.274
Test: [0/112]	Time 4.131 (4.131)	Loss 0.8565 (0.8565)	Prec@1 80.580 (80.580)	Prec@5 95.312 (95.313)
Test: [100/112]	Time 0.371 (0.290)	Loss 1.6487 (1.2762)	Prec@1 66.741 (73.418)	Prec@5 85.938 (91.162)
 Final Prec@1 73.333 Prec@5 91.186
Test: [0/112]	Time 5.041 (5.041)	Loss 0.8807 (0.8807)	Prec@1 80.357 (80.357)	Prec@5 95.982 (95.982)
Test: [100/112]	Time 0.172 (0.277)	Loss 1.6814 (1.2995)	Prec@1 65.848 (73.128)	Prec@5 86.607 (91.160)
 Final Prec@1 73.085 Prec@5 91.198
Test: [0/112]	Time 4.685 (4.685)	Loss 0.8175 (0.8175)	Prec@1 82.143 (82.143)	Prec@5 95.759 (95.759)
Test: [100/112]	Time 0.217 (0.292)	Loss 1.6180 (1.2725)	Prec@1 64.732 (73.373)	Prec@5 86.830 (91.206)
 Final Prec@1 73.291 Prec@5 91.234
Test: [0/112]	Time 4.109 (4.109)	Loss 0.9015 (0.9015)	Prec@1 80.357 (80.357)	Prec@5 95.982 (95.982)
Test: [100/112]	Time 0.183 (0.273)	Loss 1.7285 (1.3123)	Prec@1 64.732 (73.221)	Prec@5 86.161 (91.184)
 Final Prec@1 73.129 Prec@5 91.202
Test: [0/112]	Time 4.491 (4.491)	Loss 0.8437 (0.8437)	Prec@1 82.143 (82.143)	Prec@5 95.759 (95.759)
Test: [100/112]	Time 0.256 (0.279)	Loss 1.8255 (1.3397)	Prec@1 65.402 (73.312)	Prec@5 85.714 (91.235)
 Final Prec@1 73.199 Prec@5 91.244
Test: [0/112]	Time 4.548 (4.548)	Loss 0.8859 (0.8859)	Prec@1 80.580 (80.580)	Prec@5 95.759 (95.759)
Test: [100/112]	Time 0.181 (0.268)	Loss 1.6400 (1.3260)	Prec@1 66.964 (73.000)	Prec@5 87.054 (91.118)
 Final Prec@1 72.979 Prec@5 91.180
Test: [0/112]	Time 4.832 (4.832)	Loss 0.8262 (0.8262)	Prec@1 81.027 (81.027)	Prec@5 96.205 (96.205)
Test: [100/112]	Time 0.190 (0.275)	Loss 1.7032 (1.3202)	Prec@1 67.411 (73.261)	Prec@5 87.723 (91.018)
 Final Prec@1 73.237 Prec@5 91.078
Test: [0/112]	Time 4.379 (4.379)	Loss 0.9039 (0.9039)	Prec@1 81.027 (81.027)	Prec@5 95.982 (95.982)
Test: [100/112]	Time 0.333 (0.275)	Loss 1.7378 (1.3434)	Prec@1 66.518 (73.188)	Prec@5 85.938 (90.983)
 Final Prec@1 73.129 Prec@5 91.014
Test: [0/112]	Time 4.836 (4.836)	Loss 0.9020 (0.9020)	Prec@1 82.143 (82.143)	Prec@5 95.536 (95.536)
Test: [100/112]	Time 0.187 (0.280)	Loss 1.8234 (1.3463)	Prec@1 66.295 (73.243)	Prec@5 85.491 (91.007)
 Final Prec@1 73.187 Prec@5 91.066
Test: [0/112]	Time 4.205 (4.205)	Loss 0.9881 (0.9881)	Prec@1 80.134 (80.134)	Prec@5 95.536 (95.536)
Test: [100/112]	Time 0.183 (0.282)	Loss 1.8217 (1.3789)	Prec@1 64.286 (73.075)	Prec@5 85.491 (91.005)
 Final Prec@1 73.071 Prec@5 91.056
Test: [0/112]	Time 3.954 (3.954)	Loss 0.9177 (0.9177)	Prec@1 80.134 (80.134)	Prec@5 95.759 (95.759)
Test: [100/112]	Time 0.320 (0.270)	Loss 1.7582 (1.3892)	Prec@1 67.634 (73.371)	Prec@5 87.277 (91.091)
 Final Prec@1 73.229 Prec@5 91.118
Test: [0/112]	Time 4.507 (4.507)	Loss 0.8933 (0.8933)	Prec@1 81.696 (81.696)	Prec@5 95.982 (95.982)
Test: [100/112]	Time 0.253 (0.278)	Loss 1.9143 (1.4080)	Prec@1 66.071 (73.221)	Prec@5 85.714 (91.091)
 Final Prec@1 73.131 Prec@5 91.160
Test: [0/112]	Time 4.662 (4.662)	Loss 0.9201 (0.9201)	Prec@1 80.804 (80.804)	Prec@5 96.429 (96.429)
Test: [100/112]	Time 0.381 (0.290)	Loss 1.8557 (1.4012)	Prec@1 66.071 (73.373)	Prec@5 85.268 (90.996)
 Final Prec@1 73.325 Prec@5 91.068
Test: [0/112]	Time 4.743 (4.743)	Loss 0.9562 (0.9562)	Prec@1 81.696 (81.696)	Prec@5 96.429 (96.429)
Test: [100/112]	Time 0.206 (0.285)	Loss 1.8314 (1.4452)	Prec@1 66.295 (73.064)	Prec@5 86.161 (90.974)
 Final Prec@1 73.013 Prec@5 91.022
Test: [0/112]	Time 4.479 (4.479)	Loss 0.9253 (0.9253)	Prec@1 82.589 (82.589)	Prec@5 96.429 (96.429)
Test: [100/112]	Time 0.619 (0.292)	Loss 1.8973 (1.4173)	Prec@1 65.402 (73.283)	Prec@5 85.268 (91.089)
 Final Prec@1 73.175 Prec@5 91.118
Test: [0/112]	Time 4.202 (4.202)	Loss 0.9607 (0.9607)	Prec@1 81.027 (81.027)	Prec@5 95.982 (95.982)
Test: [100/112]	Time 0.173 (0.280)	Loss 1.8357 (1.4315)	Prec@1 67.411 (73.219)	Prec@5 85.714 (91.056)
 Final Prec@1 73.133 Prec@5 91.068
Test: [0/112]	Time 4.211 (4.211)	Loss 0.9710 (0.9710)	Prec@1 80.804 (80.804)	Prec@5 95.089 (95.089)
Test: [100/112]	Time 0.191 (0.279)	Loss 1.9260 (1.4458)	Prec@1 66.741 (73.075)	Prec@5 85.268 (91.058)
 Final Prec@1 73.025 Prec@5 91.078
Test: [0/112]	Time 4.200 (4.200)	Loss 0.9772 (0.9772)	Prec@1 82.143 (82.143)	Prec@5 95.982 (95.982)
Test: [100/112]	Time 0.177 (0.280)	Loss 1.9053 (1.4643)	Prec@1 66.295 (72.969)	Prec@5 85.491 (90.897)
 Final Prec@1 72.923 Prec@5 90.944
Test: [0/112]	Time 5.013 (5.013)	Loss 0.9910 (0.9910)	Prec@1 82.143 (82.143)	Prec@5 95.759 (95.759)
Test: [100/112]	Time 0.186 (0.278)	Loss 1.9959 (1.4765)	Prec@1 66.071 (73.155)	Prec@5 85.938 (90.990)
 Final Prec@1 73.091 Prec@5 91.028
Test: [0/112]	Time 4.127 (4.127)	Loss 0.9575 (0.9575)	Prec@1 82.366 (82.366)	Prec@5 95.759 (95.759)
Test: [100/112]	Time 0.336 (0.289)	Loss 1.9303 (1.4361)	Prec@1 65.848 (73.362)	Prec@5 84.598 (91.003)
 Final Prec@1 73.267 Prec@5 91.074
Test: [0/112]	Time 4.490 (4.490)	Loss 0.9948 (0.9948)	Prec@1 81.696 (81.696)	Prec@5 95.982 (95.982)
Test: [100/112]	Time 0.172 (0.280)	Loss 1.9637 (1.4789)	Prec@1 65.625 (73.179)	Prec@5 85.045 (90.939)
 Final Prec@1 73.157 Prec@5 91.024
Test: [0/112]	Time 5.044 (5.044)	Loss 1.0249 (1.0249)	Prec@1 81.473 (81.473)	Prec@5 95.982 (95.982)
Test: [100/112]	Time 0.183 (0.284)	Loss 2.0358 (1.4960)	Prec@1 66.071 (73.183)	Prec@5 85.938 (90.941)
 Final Prec@1 73.119 Prec@5 90.986
Test: [0/112]	Time 4.803 (4.803)	Loss 0.9968 (0.9968)	Prec@1 81.920 (81.920)	Prec@5 95.536 (95.536)
Test: [100/112]	Time 0.189 (0.289)	Loss 1.9665 (1.4826)	Prec@1 66.518 (73.221)	Prec@5 85.268 (90.921)
 Final Prec@1 73.139 Prec@5 90.966
Test: [0/112]	Time 3.944 (3.944)	Loss 1.0186 (1.0186)	Prec@1 81.696 (81.696)	Prec@5 95.536 (95.536)
Test: [100/112]	Time 0.180 (0.264)	Loss 1.9980 (1.4946)	Prec@1 65.179 (73.272)	Prec@5 84.598 (90.990)
 Final Prec@1 73.177 Prec@5 91.028
Test: [0/112]	Time 4.941 (4.941)	Loss 1.0088 (1.0088)	Prec@1 82.143 (82.143)	Prec@5 95.536 (95.536)
Test: [100/112]	Time 0.363 (0.283)	Loss 1.9937 (1.5024)	Prec@1 67.411 (73.376)	Prec@5 85.491 (91.021)
 Final Prec@1 73.305 Prec@5 91.082
Test: [0/112]	Time 4.595 (4.595)	Loss 0.9988 (0.9988)	Prec@1 82.589 (82.589)	Prec@5 95.982 (95.982)
Test: [100/112]	Time 0.176 (0.296)	Loss 2.0323 (1.5126)	Prec@1 66.518 (73.232)	Prec@5 85.268 (90.928)
 Final Prec@1 73.181 Prec@5 91.000
Test: [0/112]	Time 4.616 (4.616)	Loss 1.0089 (1.0089)	Prec@1 82.143 (82.143)	Prec@5 95.759 (95.759)
Test: [100/112]	Time 0.183 (0.288)	Loss 2.0182 (1.5065)	Prec@1 66.295 (73.371)	Prec@5 84.821 (91.029)
 Final Prec@1 73.279 Prec@5 91.100
Test: [0/112]	Time 4.200 (4.200)	Loss 1.0078 (1.0078)	Prec@1 82.366 (82.366)	Prec@5 95.982 (95.982)
Test: [100/112]	Time 0.178 (0.273)	Loss 2.0106 (1.5125)	Prec@1 66.295 (73.356)	Prec@5 84.821 (91.001)
 Final Prec@1 73.293 Prec@5 91.066
Test: [0/112]	Time 4.521 (4.521)	Loss 1.0100 (1.0100)	Prec@1 81.250 (81.250)	Prec@5 95.759 (95.759)
Test: [100/112]	Time 0.213 (0.278)	Loss 1.9974 (1.5036)	Prec@1 66.964 (73.340)	Prec@5 85.491 (91.007)
 Final Prec@1 73.251 Prec@5 91.078
Test: [0/112]	Time 4.327 (4.327)	Loss 1.0011 (1.0011)	Prec@1 83.036 (83.036)	Prec@5 95.982 (95.982)
Test: [100/112]	Time 0.182 (0.280)	Loss 2.0044 (1.5121)	Prec@1 66.518 (73.329)	Prec@5 85.491 (90.996)
 Final Prec@1 73.257 Prec@5 91.050
Test: [0/112]	Time 4.542 (4.542)	Loss 1.0220 (1.0220)	Prec@1 82.143 (82.143)	Prec@5 95.982 (95.982)
Test: [100/112]	Time 0.184 (0.277)	Loss 2.0612 (1.5067)	Prec@1 66.071 (73.367)	Prec@5 84.821 (91.010)
 Final Prec@1 73.279 Prec@5 91.050
Test: [0/112]	Time 5.111 (5.111)	Loss 1.0241 (1.0241)	Prec@1 81.250 (81.250)	Prec@5 96.205 (96.205)
Test: [100/112]	Time 0.184 (0.273)	Loss 2.0396 (1.5104)	Prec@1 66.741 (73.440)	Prec@5 85.268 (91.043)
 Final Prec@1 73.361 Prec@5 91.096
Test: [0/112]	Time 4.317 (4.317)	Loss 1.0388 (1.0388)	Prec@1 82.143 (82.143)	Prec@5 96.205 (96.205)
Test: [100/112]	Time 0.197 (0.283)	Loss 2.0393 (1.5196)	Prec@1 66.518 (73.389)	Prec@5 85.045 (91.012)
 Final Prec@1 73.307 Prec@5 91.072
Test: [0/112]	Time 4.629 (4.629)	Loss 1.0274 (1.0274)	Prec@1 81.920 (81.920)	Prec@5 96.205 (96.205)
Test: [100/112]	Time 0.181 (0.269)	Loss 2.0592 (1.5245)	Prec@1 66.518 (73.369)	Prec@5 85.045 (91.054)
 Final Prec@1 73.269 Prec@5 91.116
