Selected optimization level O1:  Insert automatic casts around Pytorch functions and Tensor methods.

Defaults for this optimization level are:
enabled                : True
opt_level              : O1
cast_model_type        : None
patch_torch_functions  : True
keep_batchnorm_fp32    : None
master_weights         : None
loss_scale             : dynamic
Processing user overrides (additional kwargs that are not None)...
After processing overrides, optimization options are:
enabled                : True
opt_level              : O1
cast_model_type        : None
patch_torch_functions  : True
keep_batchnorm_fp32    : None
master_weights         : None
loss_scale             : 1024.0
Test: [0/112]	Time 4.432 (4.432)	Loss 1.4211 (1.4211)	Prec@1 65.625 (65.625)	Prec@5 87.946 (87.946)
Test: [100/112]	Time 0.188 (0.305)	Loss 2.1921 (1.9296)	Prec@1 54.018 (54.875)	Prec@5 74.330 (79.707)
 Final Prec@1 55.153 Prec@5 79.950
Test: [0/112]	Time 3.834 (3.834)	Loss 1.5672 (1.5672)	Prec@1 59.375 (59.375)	Prec@5 87.723 (87.723)
Test: [100/112]	Time 0.185 (0.310)	Loss 2.3947 (1.9267)	Prec@1 49.554 (54.964)	Prec@5 74.554 (79.909)
 Final Prec@1 55.059 Prec@5 79.980
Test: [0/112]	Time 4.556 (4.556)	Loss 1.1954 (1.1954)	Prec@1 69.420 (69.420)	Prec@5 90.402 (90.402)
Test: [100/112]	Time 0.180 (0.311)	Loss 2.1589 (2.0304)	Prec@1 51.786 (52.679)	Prec@5 76.116 (78.125)
 Final Prec@1 52.767 Prec@5 78.096
Test: [0/112]	Time 4.342 (4.342)	Loss 1.6388 (1.6388)	Prec@1 58.705 (58.705)	Prec@5 83.482 (83.482)
Test: [100/112]	Time 0.193 (0.316)	Loss 2.4341 (2.0175)	Prec@1 49.777 (53.501)	Prec@5 70.759 (78.207)
 Final Prec@1 53.723 Prec@5 78.376
Test: [0/112]	Time 4.735 (4.735)	Loss 1.2395 (1.2395)	Prec@1 65.848 (65.848)	Prec@5 90.179 (90.179)
Test: [100/112]	Time 0.181 (0.316)	Loss 1.8261 (1.8251)	Prec@1 58.036 (57.218)	Prec@5 81.920 (81.327)
 Final Prec@1 57.307 Prec@5 81.462
Test: [0/112]	Time 4.294 (4.294)	Loss 1.5253 (1.5253)	Prec@1 60.268 (60.268)	Prec@5 86.830 (86.830)
Test: [100/112]	Time 0.188 (0.314)	Loss 2.2822 (1.9778)	Prec@1 51.786 (54.124)	Prec@5 75.893 (78.689)
 Final Prec@1 54.183 Prec@5 78.832
Test: [0/112]	Time 3.790 (3.790)	Loss 1.2801 (1.2801)	Prec@1 68.080 (68.080)	Prec@5 91.518 (91.518)
Test: [100/112]	Time 0.190 (0.310)	Loss 2.0215 (1.7788)	Prec@1 57.589 (57.910)	Prec@5 79.241 (81.902)
 Final Prec@1 58.101 Prec@5 82.104
Test: [0/112]	Time 3.911 (3.911)	Loss 1.3519 (1.3519)	Prec@1 64.955 (64.955)	Prec@5 88.616 (88.616)
Test: [100/112]	Time 0.178 (0.311)	Loss 2.3076 (1.7677)	Prec@1 49.777 (58.356)	Prec@5 73.661 (82.046)
 Final Prec@1 58.411 Prec@5 82.256
Test: [0/112]	Time 4.502 (4.502)	Loss 1.3163 (1.3163)	Prec@1 66.741 (66.741)	Prec@5 89.509 (89.509)
Test: [100/112]	Time 0.189 (0.314)	Loss 1.8968 (1.7503)	Prec@1 60.045 (58.701)	Prec@5 79.018 (82.231)
 Final Prec@1 58.915 Prec@5 82.368
Test: [0/112]	Time 4.157 (4.157)	Loss 1.1918 (1.1918)	Prec@1 68.527 (68.527)	Prec@5 91.518 (91.518)
Test: [100/112]	Time 0.180 (0.311)	Loss 1.9140 (1.7155)	Prec@1 59.152 (59.375)	Prec@5 78.795 (82.843)
 Final Prec@1 59.461 Prec@5 82.866
Test: [0/112]	Time 4.347 (4.347)	Loss 1.0978 (1.0978)	Prec@1 71.652 (71.652)	Prec@5 92.188 (92.188)
Test: [100/112]	Time 0.274 (0.313)	Loss 2.0597 (1.6393)	Prec@1 55.580 (60.997)	Prec@5 78.571 (84.037)
 Final Prec@1 61.099 Prec@5 84.198
Test: [0/112]	Time 4.835 (4.835)	Loss 1.1776 (1.1776)	Prec@1 71.205 (71.205)	Prec@5 91.295 (91.295)
Test: [100/112]	Time 0.171 (0.312)	Loss 1.7529 (1.6120)	Prec@1 59.821 (61.413)	Prec@5 81.696 (84.300)
 Final Prec@1 61.479 Prec@5 84.264
Test: [0/112]	Time 3.733 (3.733)	Loss 1.2802 (1.2802)	Prec@1 64.955 (64.955)	Prec@5 91.071 (91.071)
Test: [100/112]	Time 0.189 (0.310)	Loss 2.0247 (1.6851)	Prec@1 53.571 (60.115)	Prec@5 79.018 (83.301)
 Final Prec@1 60.305 Prec@5 83.468
Test: [0/112]	Time 4.128 (4.128)	Loss 1.1756 (1.1756)	Prec@1 68.527 (68.527)	Prec@5 91.295 (91.295)
Test: [100/112]	Time 0.188 (0.308)	Loss 1.9523 (1.5489)	Prec@1 56.920 (62.396)	Prec@5 79.911 (85.160)
 Final Prec@1 62.389 Prec@5 85.224
Test: [0/112]	Time 4.317 (4.317)	Loss 1.2842 (1.2842)	Prec@1 67.634 (67.634)	Prec@5 90.179 (90.179)
Test: [100/112]	Time 0.189 (0.317)	Loss 2.0989 (1.5321)	Prec@1 52.902 (63.141)	Prec@5 78.795 (85.412)
 Final Prec@1 63.125 Prec@5 85.444
Test: [0/112]	Time 4.176 (4.176)	Loss 1.1864 (1.1864)	Prec@1 69.420 (69.420)	Prec@5 90.179 (90.179)
Test: [100/112]	Time 0.180 (0.308)	Loss 2.0903 (1.5510)	Prec@1 53.571 (62.611)	Prec@5 76.339 (85.062)
 Final Prec@1 62.813 Prec@5 85.222
Test: [0/112]	Time 4.753 (4.753)	Loss 1.1123 (1.1123)	Prec@1 70.759 (70.759)	Prec@5 91.741 (91.741)
Test: [100/112]	Time 0.301 (0.314)	Loss 1.6651 (1.4891)	Prec@1 60.268 (63.707)	Prec@5 82.143 (86.077)
 Final Prec@1 63.953 Prec@5 86.246
Test: [0/112]	Time 4.029 (4.029)	Loss 0.9539 (0.9539)	Prec@1 74.330 (74.330)	Prec@5 94.196 (94.196)
Test: [100/112]	Time 0.185 (0.313)	Loss 1.8959 (1.4224)	Prec@1 56.696 (65.424)	Prec@5 79.688 (86.989)
 Final Prec@1 65.521 Prec@5 87.050
Test: [0/112]	Time 3.677 (3.677)	Loss 0.9633 (0.9633)	Prec@1 74.777 (74.777)	Prec@5 93.750 (93.750)
Test: [100/112]	Time 0.187 (0.308)	Loss 1.7543 (1.3808)	Prec@1 61.607 (66.244)	Prec@5 82.143 (87.725)
 Final Prec@1 66.237 Prec@5 87.784
Test: [0/112]	Time 4.499 (4.499)	Loss 0.8698 (0.8698)	Prec@1 76.786 (76.786)	Prec@5 94.866 (94.866)
Test: [100/112]	Time 0.187 (0.313)	Loss 1.7483 (1.3840)	Prec@1 60.268 (66.343)	Prec@5 82.366 (87.535)
 Final Prec@1 66.441 Prec@5 87.708
Test: [0/112]	Time 4.216 (4.216)	Loss 0.9226 (0.9226)	Prec@1 73.214 (73.214)	Prec@5 94.420 (94.420)
Test: [100/112]	Time 0.190 (0.314)	Loss 1.7523 (1.3568)	Prec@1 59.375 (67.170)	Prec@5 82.143 (87.885)
 Final Prec@1 67.177 Prec@5 87.988
Test: [0/112]	Time 3.870 (3.870)	Loss 0.8224 (0.8224)	Prec@1 79.018 (79.018)	Prec@5 93.080 (93.080)
Test: [100/112]	Time 0.190 (0.308)	Loss 1.5199 (1.2893)	Prec@1 66.295 (68.297)	Prec@5 83.929 (88.948)
 Final Prec@1 68.413 Prec@5 88.996
Test: [0/112]	Time 4.281 (4.281)	Loss 0.7817 (0.7817)	Prec@1 79.911 (79.911)	Prec@5 95.089 (95.089)
Test: [100/112]	Time 0.190 (0.312)	Loss 1.6717 (1.2473)	Prec@1 61.384 (69.435)	Prec@5 83.482 (89.383)
 Final Prec@1 69.463 Prec@5 89.484
Test: [0/112]	Time 4.204 (4.204)	Loss 0.7832 (0.7832)	Prec@1 79.018 (79.018)	Prec@5 94.420 (94.420)
Test: [100/112]	Time 0.171 (0.315)	Loss 1.6015 (1.1919)	Prec@1 60.491 (70.430)	Prec@5 85.714 (90.097)
 Final Prec@1 70.399 Prec@5 90.118
Test: [0/112]	Time 4.096 (4.096)	Loss 0.7131 (0.7131)	Prec@1 80.804 (80.804)	Prec@5 94.643 (94.643)
Test: [100/112]	Time 0.180 (0.311)	Loss 1.6088 (1.1854)	Prec@1 62.946 (70.763)	Prec@5 83.482 (90.165)
 Final Prec@1 70.787 Prec@5 90.266
