Selected optimization level O1:  Insert automatic casts around Pytorch functions and Tensor methods.

Defaults for this optimization level are:
enabled                : True
opt_level              : O1
cast_model_type        : None
patch_torch_functions  : True
keep_batchnorm_fp32    : None
master_weights         : None
loss_scale             : dynamic
Processing user overrides (additional kwargs that are not None)...
After processing overrides, optimization options are:
enabled                : True
opt_level              : O1
cast_model_type        : None
patch_torch_functions  : True
keep_batchnorm_fp32    : None
master_weights         : None
loss_scale             : 1024.0
 Final Prec@1 12.986 Prec@5 30.454
 Final Prec@1 22.236 Prec@5 44.788
 Final Prec@1 26.688 Prec@5 51.420
 Final Prec@1 29.270 Prec@5 53.914
 Final Prec@1 29.176 Prec@5 53.278
 Final Prec@1 29.578 Prec@5 54.202
 Final Prec@1 31.684 Prec@5 57.106
 Final Prec@1 30.548 Prec@5 55.512
 Final Prec@1 34.506 Prec@5 60.140
 Final Prec@1 36.112 Prec@5 61.916
 Final Prec@1 41.510 Prec@5 67.816
 Final Prec@1 39.804 Prec@5 65.412
 Final Prec@1 42.698 Prec@5 68.156
 Final Prec@1 52.808 Prec@5 77.948
 Final Prec@1 57.108 Prec@5 80.880
