Selected optimization level O1:  Insert automatic casts around Pytorch functions and Tensor methods.

Defaults for this optimization level are:
enabled                : True
opt_level              : O1
cast_model_type        : None
patch_torch_functions  : True
keep_batchnorm_fp32    : None
master_weights         : None
loss_scale             : dynamic
Processing user overrides (additional kwargs that are not None)...
After processing overrides, optimization options are:
enabled                : True
opt_level              : O1
cast_model_type        : None
patch_torch_functions  : True
keep_batchnorm_fp32    : None
master_weights         : None
loss_scale             : 1024.0
 Final Prec@1 7.930 Prec@5 20.500
 Final Prec@1 17.494 Prec@5 37.954
 Final Prec@1 19.466 Prec@5 40.714
 Final Prec@1 22.534 Prec@5 44.622
 Final Prec@1 30.448 Prec@5 55.748
 Final Prec@1 30.028 Prec@5 55.340
 Final Prec@1 31.060 Prec@5 56.664
 Final Prec@1 20.968 Prec@5 43.216
 Final Prec@1 24.052 Prec@5 47.010
 Final Prec@1 33.486 Prec@5 59.348
 Final Prec@1 35.400 Prec@5 61.482
 Final Prec@1 40.484 Prec@5 66.408
 Final Prec@1 46.662 Prec@5 72.768
 Final Prec@1 48.492 Prec@5 73.882
 Final Prec@1 50.450 Prec@5 75.132
