Selected optimization level O1:  Insert automatic casts around Pytorch functions and Tensor methods.

Defaults for this optimization level are:
enabled                : True
opt_level              : O1
cast_model_type        : None
patch_torch_functions  : True
keep_batchnorm_fp32    : None
master_weights         : None
loss_scale             : dynamic
Processing user overrides (additional kwargs that are not None)...
After processing overrides, optimization options are:
enabled                : True
opt_level              : O1
cast_model_type        : None
patch_torch_functions  : True
keep_batchnorm_fp32    : None
master_weights         : None
loss_scale             : 1024.0
 Final Prec@1 9.024 Prec@5 22.850
 Final Prec@1 19.032 Prec@5 40.406
 Final Prec@1 26.408 Prec@5 50.464
 Final Prec@1 28.776 Prec@5 53.802
 Final Prec@1 27.168 Prec@5 51.584
 Final Prec@1 21.446 Prec@5 42.836
 Final Prec@1 26.726 Prec@5 50.062
 Final Prec@1 33.606 Prec@5 60.026
 Final Prec@1 28.722 Prec@5 53.270
 Final Prec@1 26.904 Prec@5 50.764
 Final Prec@1 38.436 Prec@5 64.878
 Final Prec@1 41.482 Prec@5 67.330
 Final Prec@1 47.388 Prec@5 73.736
 Final Prec@1 53.536 Prec@5 78.698
 Final Prec@1 58.630 Prec@5 82.086
