Selected optimization level O1:  Insert automatic casts around Pytorch functions and Tensor methods.

Defaults for this optimization level are:
enabled                : True
opt_level              : O1
cast_model_type        : None
patch_torch_functions  : True
keep_batchnorm_fp32    : None
master_weights         : None
loss_scale             : dynamic
Processing user overrides (additional kwargs that are not None)...
After processing overrides, optimization options are:
enabled                : True
opt_level              : O1
cast_model_type        : None
patch_torch_functions  : True
keep_batchnorm_fp32    : None
master_weights         : None
loss_scale             : 1024.0
 Final Prec@1 8.964 Prec@5 22.638
 Final Prec@1 15.864 Prec@5 34.662
 Final Prec@1 23.418 Prec@5 46.712
 Final Prec@1 23.882 Prec@5 46.168
 Final Prec@1 26.364 Prec@5 50.382
 Final Prec@1 26.110 Prec@5 49.880
 Final Prec@1 29.072 Prec@5 54.056
 Final Prec@1 22.978 Prec@5 45.742
 Final Prec@1 31.788 Prec@5 57.140
 Final Prec@1 26.020 Prec@5 49.532
 Final Prec@1 32.464 Prec@5 56.930
 Final Prec@1 33.138 Prec@5 58.474
 Final Prec@1 45.514 Prec@5 71.576
 Final Prec@1 49.008 Prec@5 74.466
 Final Prec@1 54.614 Prec@5 79.056
