Selected optimization level O1:  Insert automatic casts around Pytorch functions and Tensor methods.

Defaults for this optimization level are:
enabled                : True
opt_level              : O1
cast_model_type        : None
patch_torch_functions  : True
keep_batchnorm_fp32    : None
master_weights         : None
loss_scale             : dynamic
Processing user overrides (additional kwargs that are not None)...
After processing overrides, optimization options are:
enabled                : True
opt_level              : O1
cast_model_type        : None
patch_torch_functions  : True
keep_batchnorm_fp32    : None
master_weights         : None
loss_scale             : 1024.0
 Final Prec@1 9.244 Prec@5 23.474
 Final Prec@1 18.846 Prec@5 40.192
 Final Prec@1 20.566 Prec@5 42.358
 Final Prec@1 26.400 Prec@5 51.458
 Final Prec@1 29.966 Prec@5 54.722
 Final Prec@1 25.790 Prec@5 49.950
 Final Prec@1 29.022 Prec@5 53.984
 Final Prec@1 29.790 Prec@5 54.752
 Final Prec@1 30.780 Prec@5 55.944
 Final Prec@1 30.798 Prec@5 56.156
 Final Prec@1 33.366 Prec@5 58.526
 Final Prec@1 32.896 Prec@5 57.844
 Final Prec@1 41.854 Prec@5 67.640
 Final Prec@1 38.736 Prec@5 65.322
 Final Prec@1 56.072 Prec@5 80.258
