Selected optimization level O1:  Insert automatic casts around Pytorch functions and Tensor methods.

Defaults for this optimization level are:
enabled                : True
opt_level              : O1
cast_model_type        : None
patch_torch_functions  : True
keep_batchnorm_fp32    : None
master_weights         : None
loss_scale             : dynamic
Processing user overrides (additional kwargs that are not None)...
After processing overrides, optimization options are:
enabled                : True
opt_level              : O1
cast_model_type        : None
patch_torch_functions  : True
keep_batchnorm_fp32    : None
master_weights         : None
loss_scale             : 1024.0
 Final Prec@1 45.622 Prec@5 71.630
 Final Prec@1 49.002 Prec@5 74.796
 Final Prec@1 54.210 Prec@5 79.530
 Final Prec@1 56.048 Prec@5 81.092
 Final Prec@1 55.984 Prec@5 80.690
 Final Prec@1 55.706 Prec@5 80.466
 Final Prec@1 55.672 Prec@5 80.274
 Final Prec@1 54.910 Prec@5 79.606
 Final Prec@1 53.406 Prec@5 78.418
 Final Prec@1 60.204 Prec@5 83.784
 Final Prec@1 54.268 Prec@5 79.056
 Final Prec@1 60.134 Prec@5 83.716
 Final Prec@1 59.684 Prec@5 83.304
 Final Prec@1 62.450 Prec@5 85.222
 Final Prec@1 61.256 Prec@5 84.624
 Final Prec@1 60.966 Prec@5 84.240
 Final Prec@1 63.784 Prec@5 86.116
 Final Prec@1 64.544 Prec@5 86.554
 Final Prec@1 63.670 Prec@5 85.988
 Final Prec@1 65.310 Prec@5 86.994
 Final Prec@1 66.182 Prec@5 87.428
 Final Prec@1 67.432 Prec@5 88.354
 Final Prec@1 68.892 Prec@5 88.988
 Final Prec@1 70.092 Prec@5 89.834
 Final Prec@1 70.960 Prec@5 90.464
