Selected optimization level O1:  Insert automatic casts around Pytorch functions and Tensor methods.

Defaults for this optimization level are:
enabled                : True
opt_level              : O1
cast_model_type        : None
patch_torch_functions  : True
keep_batchnorm_fp32    : None
master_weights         : None
loss_scale             : dynamic
Processing user overrides (additional kwargs that are not None)...
After processing overrides, optimization options are:
enabled                : True
opt_level              : O1
cast_model_type        : None
patch_torch_functions  : True
keep_batchnorm_fp32    : None
master_weights         : None
loss_scale             : 1024.0
 Final Prec@1 54.650 Prec@5 79.964
 Final Prec@1 52.066 Prec@5 77.728
 Final Prec@1 53.452 Prec@5 78.648
 Final Prec@1 55.986 Prec@5 81.202
 Final Prec@1 53.790 Prec@5 78.530
 Final Prec@1 48.682 Prec@5 73.978
 Final Prec@1 57.034 Prec@5 81.562
 Final Prec@1 57.240 Prec@5 81.648
 Final Prec@1 58.636 Prec@5 82.656
 Final Prec@1 53.390 Prec@5 78.388
 Final Prec@1 60.836 Prec@5 84.310
 Final Prec@1 57.076 Prec@5 81.300
 Final Prec@1 59.326 Prec@5 83.062
 Final Prec@1 61.950 Prec@5 84.830
 Final Prec@1 63.190 Prec@5 85.980
 Final Prec@1 61.758 Prec@5 84.984
 Final Prec@1 61.044 Prec@5 84.306
 Final Prec@1 65.042 Prec@5 87.060
 Final Prec@1 64.290 Prec@5 86.470
 Final Prec@1 66.426 Prec@5 87.902
 Final Prec@1 65.486 Prec@5 87.206
 Final Prec@1 67.322 Prec@5 88.204
 Final Prec@1 68.732 Prec@5 89.230
 Final Prec@1 70.256 Prec@5 90.062
 Final Prec@1 70.838 Prec@5 90.180
