Selected optimization level O1:  Insert automatic casts around Pytorch functions and Tensor methods.

Defaults for this optimization level are:
enabled                : True
opt_level              : O1
cast_model_type        : None
patch_torch_functions  : True
keep_batchnorm_fp32    : None
master_weights         : None
loss_scale             : dynamic
Processing user overrides (additional kwargs that are not None)...
After processing overrides, optimization options are:
enabled                : True
opt_level              : O1
cast_model_type        : None
patch_torch_functions  : True
keep_batchnorm_fp32    : None
master_weights         : None
loss_scale             : 1024.0
 Final Prec@1 49.386 Prec@5 75.030
 Final Prec@1 49.710 Prec@5 75.654
 Final Prec@1 56.108 Prec@5 80.832
 Final Prec@1 56.832 Prec@5 81.486
 Final Prec@1 56.166 Prec@5 80.608
 Final Prec@1 52.572 Prec@5 77.664
 Final Prec@1 56.084 Prec@5 80.422
 Final Prec@1 58.858 Prec@5 82.734
 Final Prec@1 55.016 Prec@5 79.696
 Final Prec@1 57.376 Prec@5 81.290
 Final Prec@1 60.634 Prec@5 84.124
 Final Prec@1 61.034 Prec@5 84.284
 Final Prec@1 60.682 Prec@5 83.780
 Final Prec@1 60.242 Prec@5 83.772
 Final Prec@1 60.986 Prec@5 84.078
 Final Prec@1 62.466 Prec@5 85.322
 Final Prec@1 60.790 Prec@5 83.860
 Final Prec@1 65.920 Prec@5 87.282
 Final Prec@1 64.996 Prec@5 86.862
 Final Prec@1 66.912 Prec@5 88.070
 Final Prec@1 65.324 Prec@5 86.896
 Final Prec@1 67.332 Prec@5 88.170
 Final Prec@1 68.614 Prec@5 89.106
 Final Prec@1 68.626 Prec@5 89.066
 Final Prec@1 71.550 Prec@5 90.642
