Selected optimization level O1:  Insert automatic casts around Pytorch functions and Tensor methods.

Defaults for this optimization level are:
enabled                : True
opt_level              : O1
cast_model_type        : None
patch_torch_functions  : True
keep_batchnorm_fp32    : None
master_weights         : None
loss_scale             : dynamic
Processing user overrides (additional kwargs that are not None)...
After processing overrides, optimization options are:
enabled                : True
opt_level              : O1
cast_model_type        : None
patch_torch_functions  : True
keep_batchnorm_fp32    : None
master_weights         : None
loss_scale             : 1024.0
Test: [0/49]	Time 15.279 (15.279)	Loss 4.6592 (4.6592)	Prec@1 16.602 (16.602)	Prec@5 37.695 (37.695)
 Final Prec@1 10.194 Prec@5 25.650
Test: [0/49]	Time 5.447 (5.447)	Loss 3.7965 (3.7965)	Prec@1 32.812 (32.812)	Prec@5 60.449 (60.449)
 Final Prec@1 20.058 Prec@5 41.374
Test: [0/49]	Time 7.729 (7.729)	Loss 3.4618 (3.4618)	Prec@1 39.551 (39.551)	Prec@5 66.016 (66.016)
 Final Prec@1 27.814 Prec@5 51.888
Test: [0/49]	Time 5.295 (5.295)	Loss 2.8715 (2.8715)	Prec@1 47.363 (47.363)	Prec@5 77.539 (77.539)
 Final Prec@1 26.348 Prec@5 51.112
Test: [0/49]	Time 6.632 (6.632)	Loss 3.1622 (3.1622)	Prec@1 43.164 (43.164)	Prec@5 72.852 (72.852)
 Final Prec@1 32.230 Prec@5 57.958
Test: [0/49]	Time 5.481 (5.481)	Loss 3.5023 (3.5023)	Prec@1 41.699 (41.699)	Prec@5 68.457 (68.457)
 Final Prec@1 31.470 Prec@5 56.422
Test: [0/49]	Time 5.304 (5.304)	Loss 3.2139 (3.2139)	Prec@1 46.191 (46.191)	Prec@5 70.117 (70.117)
 Final Prec@1 29.418 Prec@5 53.910
Test: [0/49]	Time 7.473 (7.473)	Loss 3.2051 (3.2051)	Prec@1 45.020 (45.020)	Prec@5 70.117 (70.117)
 Final Prec@1 32.546 Prec@5 57.590
Test: [0/49]	Time 6.651 (6.651)	Loss 2.7420 (2.7420)	Prec@1 50.684 (50.684)	Prec@5 78.809 (78.809)
 Final Prec@1 32.736 Prec@5 57.832
Test: [0/49]	Time 5.273 (5.273)	Loss 2.9952 (2.9952)	Prec@1 48.340 (48.340)	Prec@5 78.027 (78.027)
 Final Prec@1 34.844 Prec@5 60.556
Test: [0/49]	Time 5.467 (5.467)	Loss 3.1508 (3.1508)	Prec@1 47.852 (47.852)	Prec@5 73.047 (73.047)
 Final Prec@1 32.466 Prec@5 56.558
Test: [0/49]	Time 5.598 (5.598)	Loss 2.7677 (2.7677)	Prec@1 59.668 (59.668)	Prec@5 81.055 (81.055)
 Final Prec@1 42.398 Prec@5 68.192
Test: [0/49]	Time 5.399 (5.399)	Loss 2.4820 (2.4820)	Prec@1 62.012 (62.012)	Prec@5 85.449 (85.449)
 Final Prec@1 46.776 Prec@5 72.590
Test: [0/49]	Time 6.446 (6.446)	Loss 2.5084 (2.5084)	Prec@1 57.324 (57.324)	Prec@5 80.273 (80.273)
 Final Prec@1 42.224 Prec@5 67.824
Test: [0/49]	Time 5.261 (5.261)	Loss 1.7044 (1.7044)	Prec@1 73.633 (73.633)	Prec@5 91.602 (91.602)
 Final Prec@1 56.924 Prec@5 80.864
