Test: [0/112]	Time 4.513 (4.513)	Loss 0.9138 (0.9138)	Prec@1 77.902 (77.902)	Prec@5 93.080 (93.080)
Test: [100/112]	Time 0.196 (0.288)	Loss 1.6254 (1.3115)	Prec@1 60.491 (68.502)	Prec@5 82.812 (88.687)
 Final Prec@1 68.549 Prec@5 88.752
Test: [0/112]	Time 4.642 (4.642)	Loss 1.0317 (1.0317)	Prec@1 76.562 (76.562)	Prec@5 92.634 (92.634)
Test: [100/112]	Time 0.245 (0.302)	Loss 1.5617 (1.2692)	Prec@1 64.955 (69.895)	Prec@5 82.812 (89.434)
 Final Prec@1 69.777 Prec@5 89.468
Test: [0/112]	Time 5.010 (5.010)	Loss 0.8820 (0.8820)	Prec@1 77.009 (77.009)	Prec@5 93.080 (93.080)
Test: [100/112]	Time 0.259 (0.289)	Loss 1.4081 (1.2191)	Prec@1 66.964 (70.511)	Prec@5 85.491 (89.734)
 Final Prec@1 70.433 Prec@5 89.782
Test: [0/112]	Time 5.056 (5.056)	Loss 0.8118 (0.8118)	Prec@1 78.348 (78.348)	Prec@5 93.527 (93.527)
Test: [100/112]	Time 0.539 (0.298)	Loss 1.4938 (1.1938)	Prec@1 64.286 (70.598)	Prec@5 85.045 (89.924)
 Final Prec@1 70.533 Prec@5 89.938
Test: [0/112]	Time 5.177 (5.177)	Loss 0.9109 (0.9109)	Prec@1 76.339 (76.339)	Prec@5 94.420 (94.420)
Test: [100/112]	Time 0.307 (0.297)	Loss 1.5266 (1.1720)	Prec@1 64.062 (71.227)	Prec@5 85.491 (90.293)
 Final Prec@1 71.221 Prec@5 90.344
Test: [0/112]	Time 4.705 (4.705)	Loss 0.9042 (0.9042)	Prec@1 76.339 (76.339)	Prec@5 93.527 (93.527)
Test: [100/112]	Time 0.728 (0.296)	Loss 1.6144 (1.1669)	Prec@1 63.170 (71.059)	Prec@5 83.259 (90.238)
 Final Prec@1 71.101 Prec@5 90.302
Test: [0/112]	Time 4.920 (4.920)	Loss 0.8910 (0.8910)	Prec@1 77.679 (77.679)	Prec@5 93.973 (93.973)
Test: [100/112]	Time 0.188 (0.292)	Loss 1.4600 (1.1941)	Prec@1 65.848 (71.307)	Prec@5 84.598 (90.172)
 Final Prec@1 71.289 Prec@5 90.198
Test: [0/112]	Time 5.452 (5.452)	Loss 0.8010 (0.8010)	Prec@1 78.125 (78.125)	Prec@5 94.866 (94.866)
Test: [100/112]	Time 0.393 (0.299)	Loss 1.4527 (1.1585)	Prec@1 66.295 (71.676)	Prec@5 85.045 (90.492)
 Final Prec@1 71.569 Prec@5 90.554
Test: [0/112]	Time 4.507 (4.507)	Loss 0.7616 (0.7616)	Prec@1 79.688 (79.688)	Prec@5 95.536 (95.536)
Test: [100/112]	Time 0.180 (0.286)	Loss 1.4209 (1.1338)	Prec@1 65.179 (72.299)	Prec@5 87.054 (90.837)
 Final Prec@1 72.265 Prec@5 90.940
Test: [0/112]	Time 4.883 (4.883)	Loss 0.7389 (0.7389)	Prec@1 79.241 (79.241)	Prec@5 95.536 (95.536)
Test: [100/112]	Time 0.307 (0.285)	Loss 1.4655 (1.1373)	Prec@1 65.625 (72.257)	Prec@5 86.161 (90.855)
 Final Prec@1 72.343 Prec@5 90.992
Test: [0/112]	Time 5.351 (5.351)	Loss 0.8766 (0.8766)	Prec@1 77.679 (77.679)	Prec@5 93.973 (93.973)
Test: [100/112]	Time 0.179 (0.293)	Loss 1.4800 (1.1557)	Prec@1 65.848 (72.273)	Prec@5 84.375 (90.705)
 Final Prec@1 72.313 Prec@5 90.838
Test: [0/112]	Time 5.040 (5.040)	Loss 0.8727 (0.8727)	Prec@1 77.455 (77.455)	Prec@5 93.973 (93.973)
Test: [100/112]	Time 0.252 (0.276)	Loss 1.5696 (1.1278)	Prec@1 64.732 (72.344)	Prec@5 84.375 (90.861)
 Final Prec@1 72.313 Prec@5 90.924
Test: [0/112]	Time 5.048 (5.048)	Loss 0.8626 (0.8626)	Prec@1 77.902 (77.902)	Prec@5 94.643 (94.643)
Test: [100/112]	Time 0.215 (0.276)	Loss 1.4972 (1.1050)	Prec@1 65.625 (72.898)	Prec@5 84.598 (91.120)
 Final Prec@1 72.833 Prec@5 91.168
Test: [0/112]	Time 4.723 (4.723)	Loss 0.7906 (0.7906)	Prec@1 79.018 (79.018)	Prec@5 95.536 (95.536)
Test: [100/112]	Time 0.180 (0.288)	Loss 1.4522 (1.1403)	Prec@1 66.741 (72.940)	Prec@5 85.491 (91.133)
 Final Prec@1 72.893 Prec@5 91.196
Test: [0/112]	Time 5.013 (5.013)	Loss 0.8079 (0.8079)	Prec@1 79.241 (79.241)	Prec@5 94.866 (94.866)
Test: [100/112]	Time 0.504 (0.297)	Loss 1.4272 (1.1141)	Prec@1 67.634 (73.068)	Prec@5 86.161 (91.222)
 Final Prec@1 73.011 Prec@5 91.280
Test: [0/112]	Time 4.874 (4.874)	Loss 0.7334 (0.7334)	Prec@1 81.027 (81.027)	Prec@5 95.759 (95.759)
Test: [100/112]	Time 0.286 (0.290)	Loss 1.4318 (1.0937)	Prec@1 67.634 (73.243)	Prec@5 84.821 (91.306)
 Final Prec@1 73.223 Prec@5 91.354
Test: [0/112]	Time 4.993 (4.993)	Loss 0.7650 (0.7650)	Prec@1 79.688 (79.688)	Prec@5 95.536 (95.536)
Test: [100/112]	Time 0.248 (0.288)	Loss 1.3001 (1.0947)	Prec@1 70.759 (73.325)	Prec@5 87.723 (91.372)
 Final Prec@1 73.381 Prec@5 91.530
Test: [0/112]	Time 5.005 (5.005)	Loss 0.7313 (0.7313)	Prec@1 81.473 (81.473)	Prec@5 95.312 (95.313)
Test: [100/112]	Time 0.183 (0.285)	Loss 1.3050 (1.0701)	Prec@1 68.750 (73.652)	Prec@5 87.054 (91.505)
 Final Prec@1 73.623 Prec@5 91.564
Test: [0/112]	Time 4.851 (4.851)	Loss 0.6854 (0.6854)	Prec@1 83.482 (83.482)	Prec@5 95.759 (95.759)
Test: [100/112]	Time 0.423 (0.299)	Loss 1.3423 (1.0839)	Prec@1 68.304 (73.466)	Prec@5 87.500 (91.564)
 Final Prec@1 73.493 Prec@5 91.640
Test: [0/112]	Time 4.739 (4.739)	Loss 0.8720 (0.8720)	Prec@1 78.795 (78.795)	Prec@5 94.196 (94.196)
Test: [100/112]	Time 0.340 (0.288)	Loss 1.3748 (1.0503)	Prec@1 67.857 (74.447)	Prec@5 86.830 (91.807)
 Final Prec@1 74.301 Prec@5 91.860
Test: [0/112]	Time 5.505 (5.505)	Loss 0.7032 (0.7032)	Prec@1 82.366 (82.366)	Prec@5 95.312 (95.313)
Test: [100/112]	Time 0.178 (0.284)	Loss 1.4342 (1.0591)	Prec@1 68.750 (74.224)	Prec@5 84.821 (91.920)
 Final Prec@1 74.155 Prec@5 91.964
Test: [0/112]	Time 5.117 (5.117)	Loss 0.7138 (0.7138)	Prec@1 81.920 (81.920)	Prec@5 96.429 (96.429)
Test: [100/112]	Time 0.314 (0.285)	Loss 1.3722 (1.0324)	Prec@1 67.188 (74.830)	Prec@5 86.830 (92.157)
 Final Prec@1 74.751 Prec@5 92.212
Test: [0/112]	Time 4.566 (4.566)	Loss 0.7611 (0.7611)	Prec@1 79.241 (79.241)	Prec@5 95.982 (95.982)
Test: [100/112]	Time 0.193 (0.282)	Loss 1.3003 (1.0286)	Prec@1 69.866 (74.954)	Prec@5 87.054 (92.210)
 Final Prec@1 74.954 Prec@5 92.270
Test: [0/112]	Time 4.794 (4.794)	Loss 0.6574 (0.6574)	Prec@1 81.920 (81.920)	Prec@5 95.982 (95.982)
Test: [100/112]	Time 0.246 (0.293)	Loss 1.3364 (1.0209)	Prec@1 70.759 (75.197)	Prec@5 86.830 (92.320)
 Final Prec@1 75.182 Prec@5 92.368
Test: [0/112]	Time 5.175 (5.175)	Loss 0.6887 (0.6887)	Prec@1 82.589 (82.589)	Prec@5 95.982 (95.982)
Test: [100/112]	Time 0.219 (0.288)	Loss 1.2677 (1.0075)	Prec@1 69.866 (75.511)	Prec@5 87.723 (92.528)
 Final Prec@1 75.478 Prec@5 92.548
Test: [0/112]	Time 4.574 (4.574)	Loss 0.7040 (0.7040)	Prec@1 83.259 (83.259)	Prec@5 96.205 (96.205)
Test: [100/112]	Time 0.209 (0.281)	Loss 1.3256 (1.0096)	Prec@1 70.312 (75.373)	Prec@5 88.616 (92.504)
 Final Prec@1 75.304 Prec@5 92.534
Test: [0/112]	Time 4.918 (4.918)	Loss 0.6725 (0.6725)	Prec@1 82.366 (82.366)	Prec@5 96.652 (96.652)
Test: [100/112]	Time 0.422 (0.275)	Loss 1.2539 (1.0099)	Prec@1 70.982 (75.466)	Prec@5 88.393 (92.417)
 Final Prec@1 75.444 Prec@5 92.476
Test: [0/112]	Time 5.042 (5.042)	Loss 0.6597 (0.6597)	Prec@1 83.036 (83.036)	Prec@5 96.205 (96.205)
Test: [100/112]	Time 0.365 (0.295)	Loss 1.2550 (1.0099)	Prec@1 70.536 (75.393)	Prec@5 89.062 (92.404)
 Final Prec@1 75.334 Prec@5 92.450
Test: [0/112]	Time 5.297 (5.297)	Loss 0.6994 (0.6994)	Prec@1 82.589 (82.589)	Prec@5 95.759 (95.759)
Test: [100/112]	Time 0.529 (0.296)	Loss 1.3260 (1.0102)	Prec@1 70.312 (75.608)	Prec@5 88.170 (92.451)
 Final Prec@1 75.518 Prec@5 92.538
Test: [0/112]	Time 4.849 (4.849)	Loss 0.6992 (0.6992)	Prec@1 82.143 (82.143)	Prec@5 96.429 (96.429)
Test: [100/112]	Time 0.172 (0.296)	Loss 1.2865 (1.0222)	Prec@1 70.089 (75.389)	Prec@5 88.616 (92.340)
 Final Prec@1 75.352 Prec@5 92.406
Test: [0/112]	Time 4.960 (4.960)	Loss 0.7422 (0.7422)	Prec@1 80.804 (80.804)	Prec@5 95.759 (95.759)
Test: [100/112]	Time 0.189 (0.286)	Loss 1.2156 (1.0118)	Prec@1 71.652 (75.568)	Prec@5 88.616 (92.444)
 Final Prec@1 75.460 Prec@5 92.500
Test: [0/112]	Time 5.763 (5.763)	Loss 0.7545 (0.7545)	Prec@1 81.920 (81.920)	Prec@5 95.759 (95.759)
Test: [100/112]	Time 0.175 (0.296)	Loss 1.2825 (1.0250)	Prec@1 70.982 (75.491)	Prec@5 88.393 (92.325)
 Final Prec@1 75.384 Prec@5 92.382
Test: [0/112]	Time 5.075 (5.075)	Loss 0.7075 (0.7075)	Prec@1 82.589 (82.589)	Prec@5 96.205 (96.205)
Test: [100/112]	Time 0.212 (0.284)	Loss 1.3145 (1.0134)	Prec@1 70.089 (75.519)	Prec@5 87.946 (92.382)
 Final Prec@1 75.454 Prec@5 92.448
Test: [0/112]	Time 5.177 (5.177)	Loss 0.6894 (0.6894)	Prec@1 84.375 (84.375)	Prec@5 96.429 (96.429)
Test: [100/112]	Time 0.175 (0.288)	Loss 1.2929 (1.0179)	Prec@1 70.312 (75.590)	Prec@5 88.170 (92.386)
 Final Prec@1 75.502 Prec@5 92.440
Test: [0/112]	Time 5.067 (5.067)	Loss 0.7081 (0.7081)	Prec@1 82.812 (82.812)	Prec@5 95.982 (95.982)
Test: [100/112]	Time 0.238 (0.282)	Loss 1.2948 (1.0212)	Prec@1 70.089 (75.376)	Prec@5 87.723 (92.371)
 Final Prec@1 75.354 Prec@5 92.414
Test: [0/112]	Time 4.999 (4.999)	Loss 0.7359 (0.7359)	Prec@1 81.920 (81.920)	Prec@5 95.982 (95.982)
Test: [100/112]	Time 0.184 (0.284)	Loss 1.2268 (1.0153)	Prec@1 72.098 (75.495)	Prec@5 87.946 (92.424)
 Final Prec@1 75.504 Prec@5 92.488
Test: [0/112]	Time 5.221 (5.221)	Loss 0.6995 (0.6995)	Prec@1 81.696 (81.696)	Prec@5 96.652 (96.652)
Test: [100/112]	Time 0.321 (0.285)	Loss 1.2779 (1.0135)	Prec@1 70.982 (75.553)	Prec@5 87.277 (92.435)
 Final Prec@1 75.478 Prec@5 92.462
Test: [0/112]	Time 5.110 (5.110)	Loss 0.6855 (0.6855)	Prec@1 82.812 (82.812)	Prec@5 96.429 (96.429)
Test: [100/112]	Time 0.188 (0.286)	Loss 1.2877 (1.0168)	Prec@1 71.429 (75.614)	Prec@5 87.054 (92.353)
 Final Prec@1 75.562 Prec@5 92.382
Test: [0/112]	Time 5.037 (5.037)	Loss 0.7111 (0.7111)	Prec@1 83.482 (83.482)	Prec@5 96.205 (96.205)
Test: [100/112]	Time 0.268 (0.282)	Loss 1.3530 (1.0220)	Prec@1 68.304 (75.634)	Prec@5 87.500 (92.338)
 Final Prec@1 75.614 Prec@5 92.406
Test: [0/112]	Time 5.564 (5.564)	Loss 0.6882 (0.6882)	Prec@1 82.589 (82.589)	Prec@5 96.429 (96.429)
Test: [100/112]	Time 0.428 (0.291)	Loss 1.3303 (1.0238)	Prec@1 69.866 (75.462)	Prec@5 87.500 (92.444)
 Final Prec@1 75.408 Prec@5 92.486
Test: [0/112]	Time 5.058 (5.058)	Loss 0.6856 (0.6856)	Prec@1 83.929 (83.929)	Prec@5 96.429 (96.429)
Test: [100/112]	Time 0.495 (0.285)	Loss 1.3056 (1.0219)	Prec@1 70.759 (75.672)	Prec@5 87.500 (92.601)
 Final Prec@1 75.564 Prec@5 92.600
Test: [0/112]	Time 5.564 (5.564)	Loss 0.6788 (0.6788)	Prec@1 83.259 (83.259)	Prec@5 96.205 (96.205)
Test: [100/112]	Time 0.289 (0.285)	Loss 1.3221 (1.0199)	Prec@1 70.089 (75.648)	Prec@5 87.054 (92.462)
 Final Prec@1 75.572 Prec@5 92.510
Test: [0/112]	Time 4.980 (4.980)	Loss 0.6876 (0.6876)	Prec@1 82.812 (82.812)	Prec@5 96.429 (96.429)
Test: [100/112]	Time 0.396 (0.285)	Loss 1.2683 (1.0173)	Prec@1 70.089 (75.628)	Prec@5 88.393 (92.488)
 Final Prec@1 75.528 Prec@5 92.498
Test: [0/112]	Time 5.496 (5.496)	Loss 0.7043 (0.7043)	Prec@1 83.705 (83.705)	Prec@5 96.205 (96.205)
Test: [100/112]	Time 0.301 (0.285)	Loss 1.3270 (1.0183)	Prec@1 69.866 (75.734)	Prec@5 86.830 (92.479)
 Final Prec@1 75.686 Prec@5 92.508
Test: [0/112]	Time 6.182 (6.182)	Loss 0.6956 (0.6956)	Prec@1 83.259 (83.259)	Prec@5 95.982 (95.982)
Test: [100/112]	Time 0.182 (0.295)	Loss 1.2924 (1.0146)	Prec@1 69.196 (75.749)	Prec@5 87.723 (92.453)
 Final Prec@1 75.692 Prec@5 92.490
Test: [0/112]	Time 5.472 (5.472)	Loss 0.6935 (0.6935)	Prec@1 82.589 (82.589)	Prec@5 95.982 (95.982)
Test: [100/112]	Time 0.269 (0.289)	Loss 1.2902 (1.0191)	Prec@1 71.205 (75.771)	Prec@5 88.616 (92.464)
 Final Prec@1 75.696 Prec@5 92.514
Test: [0/112]	Time 5.517 (5.517)	Loss 0.6820 (0.6820)	Prec@1 83.259 (83.259)	Prec@5 96.429 (96.429)
Test: [100/112]	Time 0.198 (0.293)	Loss 1.2536 (1.0124)	Prec@1 70.759 (75.798)	Prec@5 88.393 (92.552)
 Final Prec@1 75.744 Prec@5 92.576
Test: [0/112]	Time 5.243 (5.243)	Loss 0.6748 (0.6748)	Prec@1 83.036 (83.036)	Prec@5 96.429 (96.429)
Test: [100/112]	Time 0.191 (0.287)	Loss 1.2820 (1.0124)	Prec@1 69.420 (75.915)	Prec@5 88.393 (92.585)
 Final Prec@1 75.828 Prec@5 92.604
Test: [0/112]	Time 4.924 (4.924)	Loss 0.6807 (0.6807)	Prec@1 82.812 (82.812)	Prec@5 96.429 (96.429)
Test: [100/112]	Time 0.171 (0.289)	Loss 1.2602 (1.0117)	Prec@1 69.420 (75.926)	Prec@5 88.616 (92.691)
 Final Prec@1 75.866 Prec@5 92.716
Test: [0/112]	Time 4.777 (4.777)	Loss 0.6909 (0.6909)	Prec@1 83.259 (83.259)	Prec@5 96.429 (96.429)
Test: [100/112]	Time 0.170 (0.286)	Loss 1.2552 (1.0137)	Prec@1 70.982 (75.904)	Prec@5 88.616 (92.601)
 Final Prec@1 75.836 Prec@5 92.634
Test: [0/112]	Time 5.277 (5.277)	Loss 0.6790 (0.6790)	Prec@1 83.482 (83.482)	Prec@5 96.429 (96.429)
Test: [100/112]	Time 0.185 (0.286)	Loss 1.3004 (1.0140)	Prec@1 69.866 (75.941)	Prec@5 88.170 (92.625)
 Final Prec@1 75.878 Prec@5 92.642
Test: [0/112]	Time 5.264 (5.264)	Loss 0.6786 (0.6786)	Prec@1 83.482 (83.482)	Prec@5 96.205 (96.205)
Test: [100/112]	Time 0.172 (0.289)	Loss 1.2785 (1.0129)	Prec@1 69.866 (75.908)	Prec@5 88.170 (92.599)
 Final Prec@1 75.834 Prec@5 92.622
Test: [0/112]	Time 4.504 (4.504)	Loss 0.6855 (0.6855)	Prec@1 83.705 (83.705)	Prec@5 96.429 (96.429)
Test: [100/112]	Time 0.170 (0.289)	Loss 1.2762 (1.0150)	Prec@1 70.312 (75.935)	Prec@5 88.616 (92.590)
 Final Prec@1 75.892 Prec@5 92.638
Test: [0/112]	Time 4.704 (4.704)	Loss 0.6695 (0.6695)	Prec@1 83.929 (83.929)	Prec@5 96.429 (96.429)
Test: [100/112]	Time 0.185 (0.283)	Loss 1.2980 (1.0144)	Prec@1 69.643 (75.972)	Prec@5 87.946 (92.576)
 Final Prec@1 75.938 Prec@5 92.620
Test: [0/112]	Time 5.072 (5.072)	Loss 0.6805 (0.6805)	Prec@1 84.152 (84.152)	Prec@5 96.429 (96.429)
Test: [100/112]	Time 0.211 (0.284)	Loss 1.2913 (1.0154)	Prec@1 69.420 (76.021)	Prec@5 87.946 (92.616)
 Final Prec@1 75.950 Prec@5 92.614
Test: [0/112]	Time 5.786 (5.786)	Loss 0.6841 (0.6841)	Prec@1 84.375 (84.375)	Prec@5 96.205 (96.205)
Test: [100/112]	Time 0.176 (0.288)	Loss 1.2742 (1.0163)	Prec@1 70.312 (75.937)	Prec@5 88.393 (92.612)
 Final Prec@1 75.872 Prec@5 92.628
Test: [0/112]	Time 4.632 (4.632)	Loss 0.6801 (0.6801)	Prec@1 83.705 (83.705)	Prec@5 96.205 (96.205)
Test: [100/112]	Time 0.218 (0.287)	Loss 1.2607 (1.0140)	Prec@1 70.759 (75.950)	Prec@5 88.393 (92.658)
 Final Prec@1 75.876 Prec@5 92.670
Test: [0/112]	Time 4.874 (4.874)	Loss 0.6863 (0.6863)	Prec@1 83.705 (83.705)	Prec@5 96.205 (96.205)
Test: [100/112]	Time 0.336 (0.289)	Loss 1.2769 (1.0155)	Prec@1 70.759 (75.957)	Prec@5 88.393 (92.610)
 Final Prec@1 75.888 Prec@5 92.622
Test: [0/112]	Time 5.537 (5.537)	Loss 0.6820 (0.6820)	Prec@1 84.152 (84.152)	Prec@5 96.429 (96.429)
Test: [100/112]	Time 0.268 (0.277)	Loss 1.2794 (1.0134)	Prec@1 70.536 (75.979)	Prec@5 88.170 (92.618)
 Final Prec@1 75.908 Prec@5 92.632
Test: [0/112]	Time 4.770 (4.770)	Loss 0.6801 (0.6801)	Prec@1 84.375 (84.375)	Prec@5 96.205 (96.205)
Test: [100/112]	Time 0.170 (0.281)	Loss 1.2824 (1.0140)	Prec@1 70.312 (75.999)	Prec@5 88.393 (92.654)
 Final Prec@1 75.912 Prec@5 92.674
